<?xml version="1.0" encoding="UTF-8"?>
<testsuite xmlns:xsi="http://www.w3.org/2001/XMLSchema-instance" xsi:noNamespaceSchemaLocation="https://maven.apache.org/surefire/maven-surefire-plugin/xsd/surefire-test-report.xsd" name="com.jsoniter.output.TestNative" time="0.25" tests="22" errors="0" skipped="0" failures="10">
  <properties>
    <property name="sun.desktop" value="windows"/>
    <property name="awt.toolkit" value="sun.awt.windows.WToolkit"/>
    <property name="java.specification.version" value="11"/>
    <property name="sun.cpu.isalist" value="amd64"/>
    <property name="sun.jnu.encoding" value="Cp1252"/>
    <property name="java.class.path" value="C:\Users\bianc\Desktop\Repository modelli\CEBUG\target\test-classes;C:\Users\bianc\Desktop\Repository modelli\CEBUG\target\classes;C:\Users\bianc\.m2\repository\junit\junit\4.12\junit-4.12.jar;C:\Users\bianc\.m2\repository\org\hamcrest\hamcrest-core\1.3\hamcrest-core-1.3.jar;C:\Users\bianc\.m2\repository\org\javassist\javassist\3.22.0-GA\javassist-3.22.0-GA.jar;C:\Users\bianc\.m2\repository\com\fasterxml\jackson\core\jackson-annotations\2.9.5\jackson-annotations-2.9.5.jar;C:\Users\bianc\.m2\repository\com\fasterxml\jackson\core\jackson-databind\2.9.5\jackson-databind-2.9.5.jar;C:\Users\bianc\.m2\repository\com\fasterxml\jackson\core\jackson-core\2.9.5\jackson-core-2.9.5.jar;C:\Users\bianc\.m2\repository\com\google\code\gson\gson\2.8.3\gson-2.8.3.jar;C:\Users\bianc\.m2\repository\org\openjdk\jmh\jmh-core\1.20\jmh-core-1.20.jar;C:\Users\bianc\.m2\repository\net\sf\jopt-simple\jopt-simple\4.6\jopt-simple-4.6.jar;C:\Users\bianc\.m2\repository\org\apache\commons\commons-math3\3.2\commons-math3-3.2.jar;C:\Users\bianc\.m2\repository\org\openjdk\jmh\jmh-generator-annprocess\1.20\jmh-generator-annprocess-1.20.jar;"/>
    <property name="java.vm.vendor" value="Oracle Corporation"/>
    <property name="sun.arch.data.model" value="64"/>
    <property name="user.variant" value=""/>
    <property name="java.vendor.url" value="http://java.oracle.com/"/>
    <property name="user.timezone" value=""/>
    <property name="java.vm.specification.version" value="11"/>
    <property name="os.name" value="Windows 10"/>
    <property name="sun.java.launcher" value="SUN_STANDARD"/>
    <property name="user.country" value="IT"/>
    <property name="sun.boot.library.path" value="C:\Program Files\Java\jdk-11.0.6\bin"/>
    <property name="sun.java.command" value="C:\Users\bianc\AppData\Local\Temp\surefire2896372592338880348\surefirebooter8414407441678950692.jar C:\Users\bianc\AppData\Local\Temp\surefire2896372592338880348 2020-02-04T15-38-10_644-jvmRun1 surefire2783139052172084162tmp surefire_411459818502923867449tmp"/>
    <property name="jdk.debug" value="release"/>
    <property name="surefire.test.class.path" value="C:\Users\bianc\Desktop\Repository modelli\CEBUG\target\test-classes;C:\Users\bianc\Desktop\Repository modelli\CEBUG\target\classes;C:\Users\bianc\.m2\repository\junit\junit\4.12\junit-4.12.jar;C:\Users\bianc\.m2\repository\org\hamcrest\hamcrest-core\1.3\hamcrest-core-1.3.jar;C:\Users\bianc\.m2\repository\org\javassist\javassist\3.22.0-GA\javassist-3.22.0-GA.jar;C:\Users\bianc\.m2\repository\com\fasterxml\jackson\core\jackson-annotations\2.9.5\jackson-annotations-2.9.5.jar;C:\Users\bianc\.m2\repository\com\fasterxml\jackson\core\jackson-databind\2.9.5\jackson-databind-2.9.5.jar;C:\Users\bianc\.m2\repository\com\fasterxml\jackson\core\jackson-core\2.9.5\jackson-core-2.9.5.jar;C:\Users\bianc\.m2\repository\com\google\code\gson\gson\2.8.3\gson-2.8.3.jar;C:\Users\bianc\.m2\repository\org\openjdk\jmh\jmh-core\1.20\jmh-core-1.20.jar;C:\Users\bianc\.m2\repository\net\sf\jopt-simple\jopt-simple\4.6\jopt-simple-4.6.jar;C:\Users\bianc\.m2\repository\org\apache\commons\commons-math3\3.2\commons-math3-3.2.jar;C:\Users\bianc\.m2\repository\org\openjdk\jmh\jmh-generator-annprocess\1.20\jmh-generator-annprocess-1.20.jar;"/>
    <property name="sun.cpu.endian" value="little"/>
    <property name="user.home" value="C:\Users\bianc"/>
    <property name="user.language" value="it"/>
    <property name="java.specification.vendor" value="Oracle Corporation"/>
    <property name="java.version.date" value="2020-01-14"/>
    <property name="java.home" value="C:\Program Files\Java\jdk-11.0.6"/>
    <property name="file.separator" value="\"/>
    <property name="basedir" value="C:\Users\bianc\Desktop\Repository modelli\CEBUG"/>
    <property name="java.vm.compressedOopsMode" value="32-bit"/>
    <property name="line.separator" value="&#10;"/>
    <property name="java.specification.name" value="Java Platform API Specification"/>
    <property name="java.vm.specification.vendor" value="Oracle Corporation"/>
    <property name="java.awt.graphicsenv" value="sun.awt.Win32GraphicsEnvironment"/>
    <property name="surefire.real.class.path" value="C:\Users\bianc\AppData\Local\Temp\surefire2896372592338880348\surefirebooter8414407441678950692.jar"/>
    <property name="user.script" value=""/>
    <property name="sun.management.compiler" value="HotSpot 64-Bit Tiered Compilers"/>
    <property name="java.runtime.version" value="11.0.6+8-LTS"/>
    <property name="user.name" value="bianc"/>
    <property name="path.separator" value=";"/>
    <property name="os.version" value="10.0"/>
    <property name="java.runtime.name" value="Java(TM) SE Runtime Environment"/>
    <property name="file.encoding" value="Cp1252"/>
    <property name="java.vm.name" value="Java HotSpot(TM) 64-Bit Server VM"/>
    <property name="java.vendor.version" value="18.9"/>
    <property name="localRepository" value="C:\Users\bianc\.m2\repository"/>
    <property name="java.vendor.url.bug" value="http://bugreport.java.com/bugreport/"/>
    <property name="java.io.tmpdir" value="C:\Users\bianc\AppData\Local\Temp\"/>
    <property name="java.version" value="11.0.6"/>
    <property name="user.dir" value="C:\Users\bianc\Desktop\Repository modelli\CEBUG"/>
    <property name="os.arch" value="amd64"/>
    <property name="java.vm.specification.name" value="Java Virtual Machine Specification"/>
    <property name="java.awt.printerjob" value="sun.awt.windows.WPrinterJob"/>
    <property name="sun.os.patch.level" value=""/>
    <property name="java.library.path" value="C:\Program Files\Java\jdk-11.0.6\bin;C:\Windows\Sun\Java\bin;C:\Windows\system32;C:\Windows;C:\Users\bianc\bin;C:\Users\bianc\AppData\Local\Programs\Git\mingw64\bin;C:\Users\bianc\AppData\Local\Programs\Git\usr\local\bin;C:\Users\bianc\AppData\Local\Programs\Git\usr\bin;C:\Users\bianc\AppData\Local\Programs\Git\usr\bin;C:\Users\bianc\AppData\Local\Programs\Git\mingw64\bin;C:\Users\bianc\AppData\Local\Programs\Git\usr\bin;C:\Users\bianc\bin;C:\Program Files (x86)\Common Files\Oracle\Java\javapath;C:\Windows\system32;C:\Windows;C:\Windows\System32\Wbem;C:\Windows\System32\WindowsPowerShell\v1.0;C:\Windows\System32\OpenSSH;C:\Program Files\TortoiseSVN\bin;C:\Users\bianc\Desktop\apache-maven-3.6.3\bin;C:\Users\bianc\Desktop\sonarqube-7.4\bin;C:\Program Files\Java\jdk-11.0.6\bin;C:\Users\bianc\Downloads\junit-4.13.jar;C:\Users\bianc\AppData\Local\Programs\Git\cmd;C:\Users\bianc\AppData\Local\Microsoft\WindowsApps;C:\Users\bianc\AppData\Local\Programs\Git\usr\bin\vendor_perl;C:\Users\bianc\AppData\Local\Programs\Git\usr\bin\core_perl;."/>
    <property name="java.vendor" value="Oracle Corporation"/>
    <property name="java.vm.info" value="mixed mode"/>
    <property name="java.vm.version" value="11.0.6+8-LTS"/>
    <property name="sun.io.unicode.encoding" value="UnicodeLittle"/>
    <property name="java.class.version" value="55.0"/>
  </properties>
  <testcase name="test_negative_long" classname="com.jsoniter.output.TestNative" time="0"/>
  <testcase name="test_negative_long" classname="com.jsoniter.output.TestNative" time="0"/>
  <testcase name="test_negative_long" classname="com.jsoniter.output.TestNative" time="0"/>
  <testcase name="test_negative_long" classname="com.jsoniter.output.TestNative" time="0"/>
  <testcase name="test_no_decimal_float" classname="com.jsoniter.output.TestNative" time="0">
    <failure message="expected:&lt;[1]00&gt; but was:&lt;[.100000]00&gt;" type="junit.framework.ComparisonFailure"><![CDATA[junit.framework.ComparisonFailure: expected:<[1]00> but was:<[.100000]00>
	at com.jsoniter.output.TestNative.test_no_decimal_float(TestNative.java:102)
]]></failure>
  </testcase>
  <testcase name="test_no_decimal_float" classname="com.jsoniter.output.TestNative" time="0">
    <failure message="expected:&lt;[1]00&gt; but was:&lt;[.100000]00&gt;" type="junit.framework.ComparisonFailure"><![CDATA[junit.framework.ComparisonFailure: expected:<[1]00> but was:<[.100000]00>
	at com.jsoniter.output.TestNative.test_no_decimal_float(TestNative.java:102)
]]></failure>
  </testcase>
  <testcase name="test_no_decimal_float" classname="com.jsoniter.output.TestNative" time="0">
    <failure message="expected:&lt;[1]00&gt; but was:&lt;[.100000]00&gt;" type="junit.framework.ComparisonFailure"><![CDATA[junit.framework.ComparisonFailure: expected:<[1]00> but was:<[.100000]00>
	at com.jsoniter.output.TestNative.test_no_decimal_float(TestNative.java:102)
]]></failure>
  </testcase>
  <testcase name="test_no_decimal_float" classname="com.jsoniter.output.TestNative" time="0">
    <failure message="expected:&lt;[1]00&gt; but was:&lt;[.100000]00&gt;" type="junit.framework.ComparisonFailure"><![CDATA[junit.framework.ComparisonFailure: expected:<[1]00> but was:<[.100000]00>
	at com.jsoniter.output.TestNative.test_no_decimal_float(TestNative.java:102)
]]></failure>
  </testcase>
  <testcase name="test_small_int" classname="com.jsoniter.output.TestNative" time="0">
    <failure message="expected:&lt;[3]&gt; but was:&lt;[]&gt;" type="junit.framework.ComparisonFailure"><![CDATA[junit.framework.ComparisonFailure: expected:<[3]> but was:<[]>
	at com.jsoniter.output.TestNative.test_small_int(TestNative.java:71)
]]></failure>
  </testcase>
  <testcase name="test_small_int" classname="com.jsoniter.output.TestNative" time="0">
    <failure message="expected:&lt;[3]&gt; but was:&lt;[]&gt;" type="junit.framework.ComparisonFailure"><![CDATA[junit.framework.ComparisonFailure: expected:<[3]> but was:<[]>
	at com.jsoniter.output.TestNative.test_small_int(TestNative.java:71)
]]></failure>
  </testcase>
  <testcase name="test_small_int" classname="com.jsoniter.output.TestNative" time="0">
    <failure message="expected:&lt;[3]&gt; but was:&lt;[]&gt;" type="junit.framework.ComparisonFailure"><![CDATA[junit.framework.ComparisonFailure: expected:<[3]> but was:<[]>
	at com.jsoniter.output.TestNative.test_small_int(TestNative.java:71)
]]></failure>
  </testcase>
  <testcase name="test_small_int" classname="com.jsoniter.output.TestNative" time="0">
    <failure message="expected:&lt;[3]&gt; but was:&lt;[]&gt;" type="junit.framework.ComparisonFailure"><![CDATA[junit.framework.ComparisonFailure: expected:<[3]> but was:<[]>
	at com.jsoniter.output.TestNative.test_small_int(TestNative.java:71)
]]></failure>
  </testcase>
  <testcase name="test_boolean" classname="com.jsoniter.output.TestNative" time="0"/>
  <testcase name="test_boolean" classname="com.jsoniter.output.TestNative" time="0"/>
  <testcase name="test_boolean" classname="com.jsoniter.output.TestNative" time="0"/>
  <testcase name="test_boolean" classname="com.jsoniter.output.TestNative" time="0"/>
  <testcase name="test_long" classname="com.jsoniter.output.TestNative" time="0"/>
  <testcase name="test_long" classname="com.jsoniter.output.TestNative" time="0"/>
  <testcase name="test_long" classname="com.jsoniter.output.TestNative" time="0"/>
  <testcase name="test_long" classname="com.jsoniter.output.TestNative" time="0"/>
  <testcase name="test_utf8" classname="com.jsoniter.output.TestNative" time="0">
    <failure message="expected:&lt;[&quot;\u4e2d\u6587&quot;]&gt; but was:&lt;[]&gt;" type="junit.framework.ComparisonFailure"><![CDATA[junit.framework.ComparisonFailure: expected:<["\u4e2d\u6587"]> but was:<[]>
	at com.jsoniter.output.TestNative.test_utf8(TestNative.java:46)
]]></failure>
  </testcase>
  <testcase name="test_utf8" classname="com.jsoniter.output.TestNative" time="0">
    <failure message="expected:&lt;[&quot;\u4e2d\u6587&quot;]&gt; but was:&lt;[]&gt;" type="junit.framework.ComparisonFailure"><![CDATA[junit.framework.ComparisonFailure: expected:<["\u4e2d\u6587"]> but was:<[]>
	at com.jsoniter.output.TestNative.test_utf8(TestNative.java:46)
]]></failure>
  </testcase>
  <testcase name="test_utf8" classname="com.jsoniter.output.TestNative" time="0">
    <failure message="expected:&lt;[&quot;\u4e2d\u6587&quot;]&gt; but was:&lt;[]&gt;" type="junit.framework.ComparisonFailure"><![CDATA[junit.framework.ComparisonFailure: expected:<["\u4e2d\u6587"]> but was:<[]>
	at com.jsoniter.output.TestNative.test_utf8(TestNative.java:46)
]]></failure>
  </testcase>
  <testcase name="test_utf8" classname="com.jsoniter.output.TestNative" time="0">
    <failure message="expected:&lt;[&quot;\u4e2d\u6587&quot;]&gt; but was:&lt;[]&gt;" type="junit.framework.ComparisonFailure"><![CDATA[junit.framework.ComparisonFailure: expected:<["\u4e2d\u6587"]> but was:<[]>
	at com.jsoniter.output.TestNative.test_utf8(TestNative.java:46)
]]></failure>
  </testcase>
  <testcase name="test_int" classname="com.jsoniter.output.TestNative" time="0"/>
  <testcase name="test_int" classname="com.jsoniter.output.TestNative" time="0"/>
  <testcase name="test_int" classname="com.jsoniter.output.TestNative" time="0"/>
  <testcase name="test_int" classname="com.jsoniter.output.TestNative" time="0"/>
  <testcase name="test_raw" classname="com.jsoniter.output.TestNative" time="0">
    <failure message="expected:&lt;12345678[90123456789012345678901234567890]&gt; but was:&lt;12345678[&amp;#0;&amp;#0;&amp;#0;&amp;#0;&amp;#0;&amp;#0;&amp;#0;&amp;#0;&amp;#0;&amp;#0;&amp;#0;&amp;#0;&amp;#0;&amp;#0;&amp;#0;&amp;#0;&amp;#0;&amp;#0;&amp;#0;&amp;#0;&amp;#0;&amp;#0;&amp;#0;&amp;#0;12345678]&gt;" type="junit.framework.ComparisonFailure"><![CDATA[junit.framework.ComparisonFailure: expected:<12345678[90123456789012345678901234567890]> but was:<12345678[&amp#0;&amp#0;&amp#0;&amp#0;&amp#0;&amp#0;&amp#0;&amp#0;&amp#0;&amp#0;&amp#0;&amp#0;&amp#0;&amp#0;&amp#0;&amp#0;&amp#0;&amp#0;&amp#0;&amp#0;&amp#0;&amp#0;&amp#0;&amp#0;12345678]>
	at com.jsoniter.output.TestNative.test_raw(TestNative.java:159)
]]></failure>
  </testcase>
  <testcase name="test_raw" classname="com.jsoniter.output.TestNative" time="0">
    <failure message="expected:&lt;12345678[90123456789012345678901234567890]&gt; but was:&lt;12345678[&amp;#0;&amp;#0;&amp;#0;&amp;#0;&amp;#0;&amp;#0;&amp;#0;&amp;#0;&amp;#0;&amp;#0;&amp;#0;&amp;#0;&amp;#0;&amp;#0;&amp;#0;&amp;#0;&amp;#0;&amp;#0;&amp;#0;&amp;#0;&amp;#0;&amp;#0;&amp;#0;&amp;#0;12345678]&gt;" type="junit.framework.ComparisonFailure"><![CDATA[junit.framework.ComparisonFailure: expected:<12345678[90123456789012345678901234567890]> but was:<12345678[&amp#0;&amp#0;&amp#0;&amp#0;&amp#0;&amp#0;&amp#0;&amp#0;&amp#0;&amp#0;&amp#0;&amp#0;&amp#0;&amp#0;&amp#0;&amp#0;&amp#0;&amp#0;&amp#0;&amp#0;&amp#0;&amp#0;&amp#0;&amp#0;12345678]>
	at com.jsoniter.output.TestNative.test_raw(TestNative.java:159)
]]></failure>
  </testcase>
  <testcase name="test_raw" classname="com.jsoniter.output.TestNative" time="0">
    <failure message="expected:&lt;12345678[90123456789012345678901234567890]&gt; but was:&lt;12345678[&amp;#0;&amp;#0;&amp;#0;&amp;#0;&amp;#0;&amp;#0;&amp;#0;&amp;#0;&amp;#0;&amp;#0;&amp;#0;&amp;#0;&amp;#0;&amp;#0;&amp;#0;&amp;#0;&amp;#0;&amp;#0;&amp;#0;&amp;#0;&amp;#0;&amp;#0;&amp;#0;&amp;#0;12345678]&gt;" type="junit.framework.ComparisonFailure"><![CDATA[junit.framework.ComparisonFailure: expected:<12345678[90123456789012345678901234567890]> but was:<12345678[&amp#0;&amp#0;&amp#0;&amp#0;&amp#0;&amp#0;&amp#0;&amp#0;&amp#0;&amp#0;&amp#0;&amp#0;&amp#0;&amp#0;&amp#0;&amp#0;&amp#0;&amp#0;&amp#0;&amp#0;&amp#0;&amp#0;&amp#0;&amp#0;12345678]>
	at com.jsoniter.output.TestNative.test_raw(TestNative.java:159)
]]></failure>
  </testcase>
  <testcase name="test_raw" classname="com.jsoniter.output.TestNative" time="0">
    <failure message="expected:&lt;12345678[90123456789012345678901234567890]&gt; but was:&lt;12345678[&amp;#0;&amp;#0;&amp;#0;&amp;#0;&amp;#0;&amp;#0;&amp;#0;&amp;#0;&amp;#0;&amp;#0;&amp;#0;&amp;#0;&amp;#0;&amp;#0;&amp;#0;&amp;#0;&amp;#0;&amp;#0;&amp;#0;&amp;#0;&amp;#0;&amp;#0;&amp;#0;&amp;#0;12345678]&gt;" type="junit.framework.ComparisonFailure"><![CDATA[junit.framework.ComparisonFailure: expected:<12345678[90123456789012345678901234567890]> but was:<12345678[&amp#0;&amp#0;&amp#0;&amp#0;&amp#0;&amp#0;&amp#0;&amp#0;&amp#0;&amp#0;&amp#0;&amp#0;&amp#0;&amp#0;&amp#0;&amp#0;&amp#0;&amp#0;&amp#0;&amp#0;&amp#0;&amp#0;&amp#0;&amp#0;12345678]>
	at com.jsoniter.output.TestNative.test_raw(TestNative.java:159)
]]></failure>
  </testcase>
  <testcase name="test_big_decimal" classname="com.jsoniter.output.TestNative" time="0.031"/>
  <testcase name="test_big_decimal" classname="com.jsoniter.output.TestNative" time="0"/>
  <testcase name="test_big_decimal" classname="com.jsoniter.output.TestNative" time="0.015"/>
  <testcase name="test_big_decimal" classname="com.jsoniter.output.TestNative" time="0.188"/>
  <testcase name="test_double" classname="com.jsoniter.output.TestNative" time="0">
    <failure message="expected:&lt;[1.001]&gt; but was:&lt;[.]&gt;" type="junit.framework.ComparisonFailure"><![CDATA[junit.framework.ComparisonFailure: expected:<[1.001]> but was:<[.]>
	at com.jsoniter.output.TestNative.test_double(TestNative.java:126)
]]></failure>
  </testcase>
  <testcase name="test_double" classname="com.jsoniter.output.TestNative" time="0">
    <failure message="expected:&lt;[1.001]&gt; but was:&lt;[.]&gt;" type="junit.framework.ComparisonFailure"><![CDATA[junit.framework.ComparisonFailure: expected:<[1.001]> but was:<[.]>
	at com.jsoniter.output.TestNative.test_double(TestNative.java:126)
]]></failure>
  </testcase>
  <testcase name="test_double" classname="com.jsoniter.output.TestNative" time="0">
    <failure message="expected:&lt;[1.001]&gt; but was:&lt;[.]&gt;" type="junit.framework.ComparisonFailure"><![CDATA[junit.framework.ComparisonFailure: expected:<[1.001]> but was:<[.]>
	at com.jsoniter.output.TestNative.test_double(TestNative.java:126)
]]></failure>
  </testcase>
  <testcase name="test_double" classname="com.jsoniter.output.TestNative" time="0">
    <failure message="expected:&lt;[1.001]&gt; but was:&lt;[.]&gt;" type="junit.framework.ComparisonFailure"><![CDATA[junit.framework.ComparisonFailure: expected:<[1.001]> but was:<[.]>
	at com.jsoniter.output.TestNative.test_double(TestNative.java:126)
]]></failure>
  </testcase>
  <testcase name="test_escape" classname="com.jsoniter.output.TestNative" time="0">
    <failure message="expected:&lt;&quot;hel[\n]lo&quot;&gt; but was:&lt;&quot;hel[]lo&quot;&gt;" type="junit.framework.ComparisonFailure"><![CDATA[junit.framework.ComparisonFailure: expected:<"hel[\n]lo"> but was:<"hel[]lo">
	at com.jsoniter.output.TestNative.test_escape(TestNative.java:40)
]]></failure>
  </testcase>
  <testcase name="test_escape" classname="com.jsoniter.output.TestNative" time="0">
    <failure message="expected:&lt;&quot;hel[\n]lo&quot;&gt; but was:&lt;&quot;hel[]lo&quot;&gt;" type="junit.framework.ComparisonFailure"><![CDATA[junit.framework.ComparisonFailure: expected:<"hel[\n]lo"> but was:<"hel[]lo">
	at com.jsoniter.output.TestNative.test_escape(TestNative.java:40)
]]></failure>
  </testcase>
  <testcase name="test_escape" classname="com.jsoniter.output.TestNative" time="0.016">
    <failure message="expected:&lt;&quot;hel[\n]lo&quot;&gt; but was:&lt;&quot;hel[]lo&quot;&gt;" type="junit.framework.ComparisonFailure"><![CDATA[junit.framework.ComparisonFailure: expected:<"hel[\n]lo"> but was:<"hel[]lo">
	at com.jsoniter.output.TestNative.test_escape(TestNative.java:40)
]]></failure>
  </testcase>
  <testcase name="test_escape" classname="com.jsoniter.output.TestNative" time="0">
    <failure message="expected:&lt;&quot;hel[\n]lo&quot;&gt; but was:&lt;&quot;hel[]lo&quot;&gt;" type="junit.framework.ComparisonFailure"><![CDATA[junit.framework.ComparisonFailure: expected:<"hel[\n]lo"> but was:<"hel[]lo">
	at com.jsoniter.output.TestNative.test_escape(TestNative.java:40)
]]></failure>
  </testcase>
  <testcase name="test_float2" classname="com.jsoniter.output.TestNative" time="0">
    <failure message="expected:&lt;[0.000001]&gt; but was:&lt;[.]&gt;" type="junit.framework.ComparisonFailure"><![CDATA[junit.framework.ComparisonFailure: expected:<[0.000001]> but was:<[.]>
	at com.jsoniter.output.TestNative.test_float2(TestNative.java:108)
]]></failure>
  </testcase>
  <testcase name="test_float2" classname="com.jsoniter.output.TestNative" time="0">
    <failure message="expected:&lt;[0.000001]&gt; but was:&lt;[.]&gt;" type="junit.framework.ComparisonFailure"><![CDATA[junit.framework.ComparisonFailure: expected:<[0.000001]> but was:<[.]>
	at com.jsoniter.output.TestNative.test_float2(TestNative.java:108)
]]></failure>
  </testcase>
  <testcase name="test_float2" classname="com.jsoniter.output.TestNative" time="0">
    <failure message="expected:&lt;[0.000001]&gt; but was:&lt;[.]&gt;" type="junit.framework.ComparisonFailure"><![CDATA[junit.framework.ComparisonFailure: expected:<[0.000001]> but was:<[.]>
	at com.jsoniter.output.TestNative.test_float2(TestNative.java:108)
]]></failure>
  </testcase>
  <testcase name="test_float2" classname="com.jsoniter.output.TestNative" time="0">
    <failure message="expected:&lt;[0.000001]&gt; but was:&lt;[.]&gt;" type="junit.framework.ComparisonFailure"><![CDATA[junit.framework.ComparisonFailure: expected:<[0.000001]> but was:<[.]>
	at com.jsoniter.output.TestNative.test_float2(TestNative.java:108)
]]></failure>
  </testcase>
  <testcase name="test_float3" classname="com.jsoniter.output.TestNative" time="0">
    <failure message="expected:&lt;[0].00001&gt; but was:&lt;[].00001&gt;" type="junit.framework.ComparisonFailure"><![CDATA[junit.framework.ComparisonFailure: expected:<[0].00001> but was:<[].00001>
	at com.jsoniter.output.TestNative.test_float3(TestNative.java:114)
]]></failure>
  </testcase>
  <testcase name="test_float3" classname="com.jsoniter.output.TestNative" time="0">
    <failure message="expected:&lt;[0].00001&gt; but was:&lt;[].00001&gt;" type="junit.framework.ComparisonFailure"><![CDATA[junit.framework.ComparisonFailure: expected:<[0].00001> but was:<[].00001>
	at com.jsoniter.output.TestNative.test_float3(TestNative.java:114)
]]></failure>
  </testcase>
  <testcase name="test_float3" classname="com.jsoniter.output.TestNative" time="0">
    <failure message="expected:&lt;[0].00001&gt; but was:&lt;[].00001&gt;" type="junit.framework.ComparisonFailure"><![CDATA[junit.framework.ComparisonFailure: expected:<[0].00001> but was:<[].00001>
	at com.jsoniter.output.TestNative.test_float3(TestNative.java:114)
]]></failure>
  </testcase>
  <testcase name="test_float3" classname="com.jsoniter.output.TestNative" time="0">
    <failure message="expected:&lt;[0].00001&gt; but was:&lt;[].00001&gt;" type="junit.framework.ComparisonFailure"><![CDATA[junit.framework.ComparisonFailure: expected:<[0].00001> but was:<[].00001>
	at com.jsoniter.output.TestNative.test_float3(TestNative.java:114)
]]></failure>
  </testcase>
  <testcase name="test_negative_int" classname="com.jsoniter.output.TestNative" time="0"/>
  <testcase name="test_negative_int" classname="com.jsoniter.output.TestNative" time="0"/>
  <testcase name="test_negative_int" classname="com.jsoniter.output.TestNative" time="0"/>
  <testcase name="test_negative_int" classname="com.jsoniter.output.TestNative" time="0"/>
  <testcase name="test_big_integer" classname="com.jsoniter.output.TestNative" time="0"/>
  <testcase name="test_big_integer" classname="com.jsoniter.output.TestNative" time="0"/>
  <testcase name="test_big_integer" classname="com.jsoniter.output.TestNative" time="0"/>
  <testcase name="test_big_integer" classname="com.jsoniter.output.TestNative" time="0.062"/>
  <testcase name="test_string" classname="com.jsoniter.output.TestNative" time="0"/>
  <testcase name="test_string" classname="com.jsoniter.output.TestNative" time="0"/>
  <testcase name="test_string" classname="com.jsoniter.output.TestNative" time="0"/>
  <testcase name="test_string" classname="com.jsoniter.output.TestNative" time="0"/>
  <testcase name="test_large_double" classname="com.jsoniter.output.TestNative" time="0"/>
  <testcase name="test_large_double" classname="com.jsoniter.output.TestNative" time="0.015"/>
  <testcase name="test_large_double" classname="com.jsoniter.output.TestNative" time="0"/>
  <testcase name="test_large_double" classname="com.jsoniter.output.TestNative" time="0"/>
  <testcase name="test_large_int" classname="com.jsoniter.output.TestNative" time="0"/>
  <testcase name="test_large_int" classname="com.jsoniter.output.TestNative" time="0"/>
  <testcase name="test_large_int" classname="com.jsoniter.output.TestNative" time="0"/>
  <testcase name="test_large_int" classname="com.jsoniter.output.TestNative" time="0"/>
  <testcase name="test_boxed_int" classname="com.jsoniter.output.TestNative" time="0"/>
  <testcase name="test_boxed_int" classname="com.jsoniter.output.TestNative" time="0"/>
  <testcase name="test_boxed_int" classname="com.jsoniter.output.TestNative" time="0.015"/>
  <testcase name="test_boxed_int" classname="com.jsoniter.output.TestNative" time="0"/>
  <testcase name="test_big_float" classname="com.jsoniter.output.TestNative" time="0">
    <failure message="expected:&lt;[8388608]0&gt; but was:&lt;[.838860800000]0&gt;" type="junit.framework.ComparisonFailure"><![CDATA[junit.framework.ComparisonFailure: expected:<[8388608]0> but was:<[.838860800000]0>
	at com.jsoniter.output.TestNative.test_big_float(TestNative.java:120)
]]></failure>
  </testcase>
  <testcase name="test_big_float" classname="com.jsoniter.output.TestNative" time="0">
    <failure message="expected:&lt;[8388608]0&gt; but was:&lt;[.838860800000]0&gt;" type="junit.framework.ComparisonFailure"><![CDATA[junit.framework.ComparisonFailure: expected:<[8388608]0> but was:<[.838860800000]0>
	at com.jsoniter.output.TestNative.test_big_float(TestNative.java:120)
]]></failure>
  </testcase>
  <testcase name="test_big_float" classname="com.jsoniter.output.TestNative" time="0">
    <failure message="expected:&lt;[8388608]0&gt; but was:&lt;[.838860800000]0&gt;" type="junit.framework.ComparisonFailure"><![CDATA[junit.framework.ComparisonFailure: expected:<[8388608]0> but was:<[.838860800000]0>
	at com.jsoniter.output.TestNative.test_big_float(TestNative.java:120)
]]></failure>
  </testcase>
  <testcase name="test_big_float" classname="com.jsoniter.output.TestNative" time="0">
    <failure message="expected:&lt;[8388608]0&gt; but was:&lt;[.838860800000]0&gt;" type="junit.framework.ComparisonFailure"><![CDATA[junit.framework.ComparisonFailure: expected:<[8388608]0> but was:<[.838860800000]0>
	at com.jsoniter.output.TestNative.test_big_float(TestNative.java:120)
]]></failure>
  </testcase>
  <testcase name="test_short" classname="com.jsoniter.output.TestNative" time="0"/>
  <testcase name="test_short" classname="com.jsoniter.output.TestNative" time="0"/>
  <testcase name="test_short" classname="com.jsoniter.output.TestNative" time="0"/>
  <testcase name="test_short" classname="com.jsoniter.output.TestNative" time="0"/>
  <testcase name="test_slash" classname="com.jsoniter.output.TestNative" time="0">
    <failure message="expected:&lt;&quot;/[\\]&quot;&gt; but was:&lt;&quot;/[]&quot;&gt;" type="junit.framework.ComparisonFailure"><![CDATA[junit.framework.ComparisonFailure: expected:<"/[\\]"> but was:<"/[]">
	at com.jsoniter.output.TestNative.test_slash(TestNative.java:34)
]]></failure>
  </testcase>
  <testcase name="test_slash" classname="com.jsoniter.output.TestNative" time="0">
    <failure message="expected:&lt;&quot;/[\\]&quot;&gt; but was:&lt;&quot;/[]&quot;&gt;" type="junit.framework.ComparisonFailure"><![CDATA[junit.framework.ComparisonFailure: expected:<"/[\\]"> but was:<"/[]">
	at com.jsoniter.output.TestNative.test_slash(TestNative.java:34)
]]></failure>
  </testcase>
  <testcase name="test_slash" classname="com.jsoniter.output.TestNative" time="0">
    <failure message="expected:&lt;&quot;/[\\]&quot;&gt; but was:&lt;&quot;/[]&quot;&gt;" type="junit.framework.ComparisonFailure"><![CDATA[junit.framework.ComparisonFailure: expected:<"/[\\]"> but was:<"/[]">
	at com.jsoniter.output.TestNative.test_slash(TestNative.java:34)
]]></failure>
  </testcase>
  <testcase name="test_slash" classname="com.jsoniter.output.TestNative" time="0">
    <failure message="expected:&lt;&quot;/[\\]&quot;&gt; but was:&lt;&quot;/[]&quot;&gt;" type="junit.framework.ComparisonFailure"><![CDATA[junit.framework.ComparisonFailure: expected:<"/[\\]"> but was:<"/[]">
	at com.jsoniter.output.TestNative.test_slash(TestNative.java:34)
]]></failure>
  </testcase>
</testsuite>