<?xml version="1.0" encoding="UTF-8"?>
<testsuite xmlns:xsi="http://www.w3.org/2001/XMLSchema-instance" xsi:noNamespaceSchemaLocation="https://maven.apache.org/surefire/maven-surefire-plugin/xsd/surefire-test-report.xsd" name="com.jsoniter.output.TestGson" time="0.188" tests="15" errors="14" skipped="0" failures="1">
  <properties>
    <property name="sun.desktop" value="windows"/>
    <property name="awt.toolkit" value="sun.awt.windows.WToolkit"/>
    <property name="java.specification.version" value="11"/>
    <property name="sun.cpu.isalist" value="amd64"/>
    <property name="sun.jnu.encoding" value="Cp1252"/>
    <property name="java.class.path" value="C:\Users\bianc\Desktop\Repository modelli\CEBUG\target\test-classes;C:\Users\bianc\Desktop\Repository modelli\CEBUG\target\classes;C:\Users\bianc\.m2\repository\junit\junit\4.12\junit-4.12.jar;C:\Users\bianc\.m2\repository\org\hamcrest\hamcrest-core\1.3\hamcrest-core-1.3.jar;C:\Users\bianc\.m2\repository\org\javassist\javassist\3.22.0-GA\javassist-3.22.0-GA.jar;C:\Users\bianc\.m2\repository\com\fasterxml\jackson\core\jackson-annotations\2.9.5\jackson-annotations-2.9.5.jar;C:\Users\bianc\.m2\repository\com\fasterxml\jackson\core\jackson-databind\2.9.5\jackson-databind-2.9.5.jar;C:\Users\bianc\.m2\repository\com\fasterxml\jackson\core\jackson-core\2.9.5\jackson-core-2.9.5.jar;C:\Users\bianc\.m2\repository\com\google\code\gson\gson\2.8.3\gson-2.8.3.jar;C:\Users\bianc\.m2\repository\org\openjdk\jmh\jmh-core\1.20\jmh-core-1.20.jar;C:\Users\bianc\.m2\repository\net\sf\jopt-simple\jopt-simple\4.6\jopt-simple-4.6.jar;C:\Users\bianc\.m2\repository\org\apache\commons\commons-math3\3.2\commons-math3-3.2.jar;C:\Users\bianc\.m2\repository\org\openjdk\jmh\jmh-generator-annprocess\1.20\jmh-generator-annprocess-1.20.jar;"/>
    <property name="java.vm.vendor" value="Oracle Corporation"/>
    <property name="sun.arch.data.model" value="64"/>
    <property name="user.variant" value=""/>
    <property name="java.vendor.url" value="http://java.oracle.com/"/>
    <property name="user.timezone" value=""/>
    <property name="java.vm.specification.version" value="11"/>
    <property name="os.name" value="Windows 10"/>
    <property name="sun.java.launcher" value="SUN_STANDARD"/>
    <property name="user.country" value="IT"/>
    <property name="sun.boot.library.path" value="C:\Program Files\Java\jdk-11.0.6\bin"/>
    <property name="sun.java.command" value="C:\Users\bianc\AppData\Local\Temp\surefire2896372592338880348\surefirebooter8414407441678950692.jar C:\Users\bianc\AppData\Local\Temp\surefire2896372592338880348 2020-02-04T15-38-10_644-jvmRun1 surefire2783139052172084162tmp surefire_411459818502923867449tmp"/>
    <property name="jdk.debug" value="release"/>
    <property name="surefire.test.class.path" value="C:\Users\bianc\Desktop\Repository modelli\CEBUG\target\test-classes;C:\Users\bianc\Desktop\Repository modelli\CEBUG\target\classes;C:\Users\bianc\.m2\repository\junit\junit\4.12\junit-4.12.jar;C:\Users\bianc\.m2\repository\org\hamcrest\hamcrest-core\1.3\hamcrest-core-1.3.jar;C:\Users\bianc\.m2\repository\org\javassist\javassist\3.22.0-GA\javassist-3.22.0-GA.jar;C:\Users\bianc\.m2\repository\com\fasterxml\jackson\core\jackson-annotations\2.9.5\jackson-annotations-2.9.5.jar;C:\Users\bianc\.m2\repository\com\fasterxml\jackson\core\jackson-databind\2.9.5\jackson-databind-2.9.5.jar;C:\Users\bianc\.m2\repository\com\fasterxml\jackson\core\jackson-core\2.9.5\jackson-core-2.9.5.jar;C:\Users\bianc\.m2\repository\com\google\code\gson\gson\2.8.3\gson-2.8.3.jar;C:\Users\bianc\.m2\repository\org\openjdk\jmh\jmh-core\1.20\jmh-core-1.20.jar;C:\Users\bianc\.m2\repository\net\sf\jopt-simple\jopt-simple\4.6\jopt-simple-4.6.jar;C:\Users\bianc\.m2\repository\org\apache\commons\commons-math3\3.2\commons-math3-3.2.jar;C:\Users\bianc\.m2\repository\org\openjdk\jmh\jmh-generator-annprocess\1.20\jmh-generator-annprocess-1.20.jar;"/>
    <property name="sun.cpu.endian" value="little"/>
    <property name="user.home" value="C:\Users\bianc"/>
    <property name="user.language" value="it"/>
    <property name="java.specification.vendor" value="Oracle Corporation"/>
    <property name="java.version.date" value="2020-01-14"/>
    <property name="java.home" value="C:\Program Files\Java\jdk-11.0.6"/>
    <property name="file.separator" value="\"/>
    <property name="basedir" value="C:\Users\bianc\Desktop\Repository modelli\CEBUG"/>
    <property name="java.vm.compressedOopsMode" value="32-bit"/>
    <property name="line.separator" value="&#10;"/>
    <property name="java.specification.name" value="Java Platform API Specification"/>
    <property name="java.vm.specification.vendor" value="Oracle Corporation"/>
    <property name="java.awt.graphicsenv" value="sun.awt.Win32GraphicsEnvironment"/>
    <property name="surefire.real.class.path" value="C:\Users\bianc\AppData\Local\Temp\surefire2896372592338880348\surefirebooter8414407441678950692.jar"/>
    <property name="user.script" value=""/>
    <property name="sun.management.compiler" value="HotSpot 64-Bit Tiered Compilers"/>
    <property name="java.runtime.version" value="11.0.6+8-LTS"/>
    <property name="user.name" value="bianc"/>
    <property name="path.separator" value=";"/>
    <property name="os.version" value="10.0"/>
    <property name="java.runtime.name" value="Java(TM) SE Runtime Environment"/>
    <property name="file.encoding" value="Cp1252"/>
    <property name="java.vm.name" value="Java HotSpot(TM) 64-Bit Server VM"/>
    <property name="java.vendor.version" value="18.9"/>
    <property name="localRepository" value="C:\Users\bianc\.m2\repository"/>
    <property name="java.vendor.url.bug" value="http://bugreport.java.com/bugreport/"/>
    <property name="java.io.tmpdir" value="C:\Users\bianc\AppData\Local\Temp\"/>
    <property name="java.version" value="11.0.6"/>
    <property name="user.dir" value="C:\Users\bianc\Desktop\Repository modelli\CEBUG"/>
    <property name="os.arch" value="amd64"/>
    <property name="java.vm.specification.name" value="Java Virtual Machine Specification"/>
    <property name="java.awt.printerjob" value="sun.awt.windows.WPrinterJob"/>
    <property name="sun.os.patch.level" value=""/>
    <property name="java.library.path" value="C:\Program Files\Java\jdk-11.0.6\bin;C:\Windows\Sun\Java\bin;C:\Windows\system32;C:\Windows;C:\Users\bianc\bin;C:\Users\bianc\AppData\Local\Programs\Git\mingw64\bin;C:\Users\bianc\AppData\Local\Programs\Git\usr\local\bin;C:\Users\bianc\AppData\Local\Programs\Git\usr\bin;C:\Users\bianc\AppData\Local\Programs\Git\usr\bin;C:\Users\bianc\AppData\Local\Programs\Git\mingw64\bin;C:\Users\bianc\AppData\Local\Programs\Git\usr\bin;C:\Users\bianc\bin;C:\Program Files (x86)\Common Files\Oracle\Java\javapath;C:\Windows\system32;C:\Windows;C:\Windows\System32\Wbem;C:\Windows\System32\WindowsPowerShell\v1.0;C:\Windows\System32\OpenSSH;C:\Program Files\TortoiseSVN\bin;C:\Users\bianc\Desktop\apache-maven-3.6.3\bin;C:\Users\bianc\Desktop\sonarqube-7.4\bin;C:\Program Files\Java\jdk-11.0.6\bin;C:\Users\bianc\Downloads\junit-4.13.jar;C:\Users\bianc\AppData\Local\Programs\Git\cmd;C:\Users\bianc\AppData\Local\Microsoft\WindowsApps;C:\Users\bianc\AppData\Local\Programs\Git\usr\bin\vendor_perl;C:\Users\bianc\AppData\Local\Programs\Git\usr\bin\core_perl;."/>
    <property name="java.vendor" value="Oracle Corporation"/>
    <property name="java.vm.info" value="mixed mode"/>
    <property name="java.vm.version" value="11.0.6+8-LTS"/>
    <property name="sun.io.unicode.encoding" value="UnicodeLittle"/>
    <property name="java.class.version" value="55.0"/>
  </properties>
  <testcase name="test_disableHtmlEscaping_off" classname="com.jsoniter.output.TestGson" time="0.016">
    <error type="java.lang.NullPointerException">java.lang.NullPointerException
	at com.jsoniter.output.TestGson.test_disableHtmlEscaping_off(TestGson.java:216)
</error>
  </testcase>
  <testcase name="test_disableHtmlEscaping_off" classname="com.jsoniter.output.TestGson" time="0.015">
    <error type="java.lang.NullPointerException">java.lang.NullPointerException
	at com.jsoniter.output.TestGson.test_disableHtmlEscaping_off(TestGson.java:216)
</error>
  </testcase>
  <testcase name="test_disableHtmlEscaping_off" classname="com.jsoniter.output.TestGson" time="0.109">
    <error type="java.lang.NullPointerException">java.lang.NullPointerException
	at com.jsoniter.output.TestGson.test_disableHtmlEscaping_off(TestGson.java:216)
</error>
  </testcase>
  <testcase name="test_disableHtmlEscaping_off" classname="com.jsoniter.output.TestGson" time="0.016">
    <error type="java.lang.NullPointerException">java.lang.NullPointerException
	at com.jsoniter.output.TestGson.test_disableHtmlEscaping_off(TestGson.java:216)
</error>
  </testcase>
  <testcase name="test_getter_should_be_ignored" classname="com.jsoniter.output.TestGson" time="0">
    <error type="java.lang.UnsupportedOperationException">java.lang.UnsupportedOperationException
	at com.jsoniter.output.TestGson.test_getter_should_be_ignored(TestGson.java:65)
</error>
  </testcase>
  <testcase name="test_getter_should_be_ignored" classname="com.jsoniter.output.TestGson" time="0.016">
    <error type="java.lang.UnsupportedOperationException">java.lang.UnsupportedOperationException
	at com.jsoniter.output.TestGson.test_getter_should_be_ignored(TestGson.java:65)
</error>
  </testcase>
  <testcase name="test_getter_should_be_ignored" classname="com.jsoniter.output.TestGson" time="0.016">
    <error type="java.lang.UnsupportedOperationException">java.lang.UnsupportedOperationException
	at com.jsoniter.output.TestGson.test_getter_should_be_ignored(TestGson.java:65)
</error>
  </testcase>
  <testcase name="test_getter_should_be_ignored" classname="com.jsoniter.output.TestGson" time="0">
    <error type="java.lang.UnsupportedOperationException">java.lang.UnsupportedOperationException
	at com.jsoniter.output.TestGson.test_getter_should_be_ignored(TestGson.java:65)
</error>
  </testcase>
  <testcase name="test_setDateFormat_with_format" classname="com.jsoniter.output.TestGson" time="0.125">
    <error type="java.lang.NullPointerException">java.lang.NullPointerException
	at com.jsoniter.output.TestGson.test_setDateFormat_with_format(TestGson.java:142)
</error>
  </testcase>
  <testcase name="test_setDateFormat_with_format" classname="com.jsoniter.output.TestGson" time="0.094">
    <error type="java.lang.NullPointerException">java.lang.NullPointerException
	at com.jsoniter.output.TestGson.test_setDateFormat_with_format(TestGson.java:142)
</error>
  </testcase>
  <testcase name="test_setDateFormat_with_format" classname="com.jsoniter.output.TestGson" time="0.015">
    <error type="java.lang.NullPointerException">java.lang.NullPointerException
	at com.jsoniter.output.TestGson.test_setDateFormat_with_format(TestGson.java:142)
</error>
  </testcase>
  <testcase name="test_setDateFormat_with_format" classname="com.jsoniter.output.TestGson" time="0.031">
    <error type="java.lang.NullPointerException">java.lang.NullPointerException
	at com.jsoniter.output.TestGson.test_setDateFormat_with_format(TestGson.java:142)
</error>
  </testcase>
  <testcase name="test_disableHtmlEscaping_on" classname="com.jsoniter.output.TestGson" time="0">
    <error message="class com.jsoniter.spi.Config cannot be cast to class com.jsoniter.extra.GsonCompatibilityMode (com.jsoniter.spi.Config and com.jsoniter.extra.GsonCompatibilityMode are in unnamed module of loader &apos;app&apos;)" type="java.lang.ClassCastException">java.lang.ClassCastException: class com.jsoniter.spi.Config cannot be cast to class com.jsoniter.extra.GsonCompatibilityMode (com.jsoniter.spi.Config and com.jsoniter.extra.GsonCompatibilityMode are in unnamed module of loader 'app')
	at com.jsoniter.output.TestGson.test_disableHtmlEscaping_on(TestGson.java:227)
</error>
  </testcase>
  <testcase name="test_disableHtmlEscaping_on" classname="com.jsoniter.output.TestGson" time="0">
    <error message="class com.jsoniter.spi.Config cannot be cast to class com.jsoniter.extra.GsonCompatibilityMode (com.jsoniter.spi.Config and com.jsoniter.extra.GsonCompatibilityMode are in unnamed module of loader &apos;app&apos;)" type="java.lang.ClassCastException">java.lang.ClassCastException: class com.jsoniter.spi.Config cannot be cast to class com.jsoniter.extra.GsonCompatibilityMode (com.jsoniter.spi.Config and com.jsoniter.extra.GsonCompatibilityMode are in unnamed module of loader 'app')
	at com.jsoniter.output.TestGson.test_disableHtmlEscaping_on(TestGson.java:227)
</error>
  </testcase>
  <testcase name="test_disableHtmlEscaping_on" classname="com.jsoniter.output.TestGson" time="0">
    <error message="class com.jsoniter.spi.Config cannot be cast to class com.jsoniter.extra.GsonCompatibilityMode (com.jsoniter.spi.Config and com.jsoniter.extra.GsonCompatibilityMode are in unnamed module of loader &apos;app&apos;)" type="java.lang.ClassCastException">java.lang.ClassCastException: class com.jsoniter.spi.Config cannot be cast to class com.jsoniter.extra.GsonCompatibilityMode (com.jsoniter.spi.Config and com.jsoniter.extra.GsonCompatibilityMode are in unnamed module of loader 'app')
	at com.jsoniter.output.TestGson.test_disableHtmlEscaping_on(TestGson.java:227)
</error>
  </testcase>
  <testcase name="test_disableHtmlEscaping_on" classname="com.jsoniter.output.TestGson" time="0">
    <error message="class com.jsoniter.spi.Config cannot be cast to class com.jsoniter.extra.GsonCompatibilityMode (com.jsoniter.spi.Config and com.jsoniter.extra.GsonCompatibilityMode are in unnamed module of loader &apos;app&apos;)" type="java.lang.ClassCastException">java.lang.ClassCastException: class com.jsoniter.spi.Config cannot be cast to class com.jsoniter.extra.GsonCompatibilityMode (com.jsoniter.spi.Config and com.jsoniter.extra.GsonCompatibilityMode are in unnamed module of loader 'app')
	at com.jsoniter.output.TestGson.test_disableHtmlEscaping_on(TestGson.java:227)
</error>
  </testcase>
  <testcase name="test_Expose" classname="com.jsoniter.output.TestGson" time="0.016">
    <error type="java.lang.NullPointerException">java.lang.NullPointerException
	at com.jsoniter.output.TestGson.test_Expose(TestGson.java:49)
</error>
  </testcase>
  <testcase name="test_Expose" classname="com.jsoniter.output.TestGson" time="0">
    <error type="java.lang.NullPointerException">java.lang.NullPointerException
	at com.jsoniter.output.TestGson.test_Expose(TestGson.java:49)
</error>
  </testcase>
  <testcase name="test_Expose" classname="com.jsoniter.output.TestGson" time="0.094">
    <error type="java.lang.NullPointerException">java.lang.NullPointerException
	at com.jsoniter.output.TestGson.test_Expose(TestGson.java:49)
</error>
  </testcase>
  <testcase name="test_Expose" classname="com.jsoniter.output.TestGson" time="0.016">
    <error type="java.lang.NullPointerException">java.lang.NullPointerException
	at com.jsoniter.output.TestGson.test_Expose(TestGson.java:49)
</error>
  </testcase>
  <testcase name="test_SerializedName_on_field" classname="com.jsoniter.output.TestGson" time="0">
    <error type="java.lang.UnsupportedOperationException">java.lang.UnsupportedOperationException
	at com.jsoniter.output.TestGson.test_SerializedName_on_field(TestGson.java:32)
</error>
  </testcase>
  <testcase name="test_SerializedName_on_field" classname="com.jsoniter.output.TestGson" time="0.015">
    <error type="java.lang.UnsupportedOperationException">java.lang.UnsupportedOperationException
	at com.jsoniter.output.TestGson.test_SerializedName_on_field(TestGson.java:32)
</error>
  </testcase>
  <testcase name="test_SerializedName_on_field" classname="com.jsoniter.output.TestGson" time="0">
    <error type="java.lang.UnsupportedOperationException">java.lang.UnsupportedOperationException
	at com.jsoniter.output.TestGson.test_SerializedName_on_field(TestGson.java:32)
</error>
  </testcase>
  <testcase name="test_SerializedName_on_field" classname="com.jsoniter.output.TestGson" time="0.015">
    <error type="java.lang.UnsupportedOperationException">java.lang.UnsupportedOperationException
	at com.jsoniter.output.TestGson.test_SerializedName_on_field(TestGson.java:32)
</error>
  </testcase>
  <testcase name="test_setFieldNamingStrategy" classname="com.jsoniter.output.TestGson" time="0">
    <error message="class com.jsoniter.spi.Config cannot be cast to class com.jsoniter.extra.GsonCompatibilityMode (com.jsoniter.spi.Config and com.jsoniter.extra.GsonCompatibilityMode are in unnamed module of loader &apos;app&apos;)" type="java.lang.ClassCastException">java.lang.ClassCastException: class com.jsoniter.spi.Config cannot be cast to class com.jsoniter.extra.GsonCompatibilityMode (com.jsoniter.spi.Config and com.jsoniter.extra.GsonCompatibilityMode are in unnamed module of loader 'app')
	at com.jsoniter.output.TestGson.test_setFieldNamingStrategy(TestGson.java:166)
</error>
  </testcase>
  <testcase name="test_setFieldNamingStrategy" classname="com.jsoniter.output.TestGson" time="0">
    <error message="class com.jsoniter.spi.Config cannot be cast to class com.jsoniter.extra.GsonCompatibilityMode (com.jsoniter.spi.Config and com.jsoniter.extra.GsonCompatibilityMode are in unnamed module of loader &apos;app&apos;)" type="java.lang.ClassCastException">java.lang.ClassCastException: class com.jsoniter.spi.Config cannot be cast to class com.jsoniter.extra.GsonCompatibilityMode (com.jsoniter.spi.Config and com.jsoniter.extra.GsonCompatibilityMode are in unnamed module of loader 'app')
	at com.jsoniter.output.TestGson.test_setFieldNamingStrategy(TestGson.java:166)
</error>
  </testcase>
  <testcase name="test_setFieldNamingStrategy" classname="com.jsoniter.output.TestGson" time="0.016">
    <error message="class com.jsoniter.spi.Config cannot be cast to class com.jsoniter.extra.GsonCompatibilityMode (com.jsoniter.spi.Config and com.jsoniter.extra.GsonCompatibilityMode are in unnamed module of loader &apos;app&apos;)" type="java.lang.ClassCastException">java.lang.ClassCastException: class com.jsoniter.spi.Config cannot be cast to class com.jsoniter.extra.GsonCompatibilityMode (com.jsoniter.spi.Config and com.jsoniter.extra.GsonCompatibilityMode are in unnamed module of loader 'app')
	at com.jsoniter.output.TestGson.test_setFieldNamingStrategy(TestGson.java:166)
</error>
  </testcase>
  <testcase name="test_setFieldNamingStrategy" classname="com.jsoniter.output.TestGson" time="0.032">
    <error message="class com.jsoniter.spi.Config cannot be cast to class com.jsoniter.extra.GsonCompatibilityMode (com.jsoniter.spi.Config and com.jsoniter.extra.GsonCompatibilityMode are in unnamed module of loader &apos;app&apos;)" type="java.lang.ClassCastException">java.lang.ClassCastException: class com.jsoniter.spi.Config cannot be cast to class com.jsoniter.extra.GsonCompatibilityMode (com.jsoniter.spi.Config and com.jsoniter.extra.GsonCompatibilityMode are in unnamed module of loader 'app')
	at com.jsoniter.output.TestGson.test_setFieldNamingStrategy(TestGson.java:166)
</error>
  </testcase>
  <testcase name="test_excludeFieldsWithoutExposeAnnotation" classname="com.jsoniter.output.TestGson" time="0">
    <error type="java.lang.NullPointerException">java.lang.NullPointerException
	at com.jsoniter.output.TestGson.test_excludeFieldsWithoutExposeAnnotation(TestGson.java:81)
</error>
  </testcase>
  <testcase name="test_excludeFieldsWithoutExposeAnnotation" classname="com.jsoniter.output.TestGson" time="0">
    <error type="java.lang.NullPointerException">java.lang.NullPointerException
	at com.jsoniter.output.TestGson.test_excludeFieldsWithoutExposeAnnotation(TestGson.java:81)
</error>
  </testcase>
  <testcase name="test_excludeFieldsWithoutExposeAnnotation" classname="com.jsoniter.output.TestGson" time="0">
    <error type="java.lang.NullPointerException">java.lang.NullPointerException
	at com.jsoniter.output.TestGson.test_excludeFieldsWithoutExposeAnnotation(TestGson.java:81)
</error>
  </testcase>
  <testcase name="test_excludeFieldsWithoutExposeAnnotation" classname="com.jsoniter.output.TestGson" time="0">
    <error type="java.lang.NullPointerException">java.lang.NullPointerException
	at com.jsoniter.output.TestGson.test_excludeFieldsWithoutExposeAnnotation(TestGson.java:81)
</error>
  </testcase>
  <testcase name="test_setPrettyPrinting" classname="com.jsoniter.output.TestGson" time="0"/>
  <testcase name="test_setPrettyPrinting" classname="com.jsoniter.output.TestGson" time="0">
    <error type="java.lang.NullPointerException">java.lang.NullPointerException
	at com.jsoniter.output.TestGson.test_setPrettyPrinting(TestGson.java:201)
</error>
  </testcase>
  <testcase name="test_setPrettyPrinting" classname="com.jsoniter.output.TestGson" time="0"/>
  <testcase name="test_setPrettyPrinting" classname="com.jsoniter.output.TestGson" time="0">
    <error type="java.lang.NullPointerException">java.lang.NullPointerException
	at com.jsoniter.output.TestGson.test_setPrettyPrinting(TestGson.java:201)
</error>
  </testcase>
  <testcase name="test_setFieldNamingPolicy" classname="com.jsoniter.output.TestGson" time="0">
    <error message="class com.jsoniter.spi.Config cannot be cast to class com.jsoniter.extra.GsonCompatibilityMode (com.jsoniter.spi.Config and com.jsoniter.extra.GsonCompatibilityMode are in unnamed module of loader &apos;app&apos;)" type="java.lang.ClassCastException">java.lang.ClassCastException: class com.jsoniter.spi.Config cannot be cast to class com.jsoniter.extra.GsonCompatibilityMode (com.jsoniter.spi.Config and com.jsoniter.extra.GsonCompatibilityMode are in unnamed module of loader 'app')
	at com.jsoniter.output.TestGson.test_setFieldNamingPolicy(TestGson.java:181)
</error>
  </testcase>
  <testcase name="test_setFieldNamingPolicy" classname="com.jsoniter.output.TestGson" time="0">
    <error message="class com.jsoniter.spi.Config cannot be cast to class com.jsoniter.extra.GsonCompatibilityMode (com.jsoniter.spi.Config and com.jsoniter.extra.GsonCompatibilityMode are in unnamed module of loader &apos;app&apos;)" type="java.lang.ClassCastException">java.lang.ClassCastException: class com.jsoniter.spi.Config cannot be cast to class com.jsoniter.extra.GsonCompatibilityMode (com.jsoniter.spi.Config and com.jsoniter.extra.GsonCompatibilityMode are in unnamed module of loader 'app')
	at com.jsoniter.output.TestGson.test_setFieldNamingPolicy(TestGson.java:181)
</error>
  </testcase>
  <testcase name="test_setFieldNamingPolicy" classname="com.jsoniter.output.TestGson" time="0">
    <error message="class com.jsoniter.spi.Config cannot be cast to class com.jsoniter.extra.GsonCompatibilityMode (com.jsoniter.spi.Config and com.jsoniter.extra.GsonCompatibilityMode are in unnamed module of loader &apos;app&apos;)" type="java.lang.ClassCastException">java.lang.ClassCastException: class com.jsoniter.spi.Config cannot be cast to class com.jsoniter.extra.GsonCompatibilityMode (com.jsoniter.spi.Config and com.jsoniter.extra.GsonCompatibilityMode are in unnamed module of loader 'app')
	at com.jsoniter.output.TestGson.test_setFieldNamingPolicy(TestGson.java:181)
</error>
  </testcase>
  <testcase name="test_setFieldNamingPolicy" classname="com.jsoniter.output.TestGson" time="0">
    <error message="class com.jsoniter.spi.Config cannot be cast to class com.jsoniter.extra.GsonCompatibilityMode (com.jsoniter.spi.Config and com.jsoniter.extra.GsonCompatibilityMode are in unnamed module of loader &apos;app&apos;)" type="java.lang.ClassCastException">java.lang.ClassCastException: class com.jsoniter.spi.Config cannot be cast to class com.jsoniter.extra.GsonCompatibilityMode (com.jsoniter.spi.Config and com.jsoniter.extra.GsonCompatibilityMode are in unnamed module of loader 'app')
	at com.jsoniter.output.TestGson.test_setFieldNamingPolicy(TestGson.java:181)
</error>
  </testcase>
  <testcase name="test_serializeNulls" classname="com.jsoniter.output.TestGson" time="0.14">
    <error message="class com.jsoniter.spi.Config cannot be cast to class com.jsoniter.extra.GsonCompatibilityMode (com.jsoniter.spi.Config and com.jsoniter.extra.GsonCompatibilityMode are in unnamed module of loader &apos;app&apos;)" type="java.lang.ClassCastException">java.lang.ClassCastException: class com.jsoniter.spi.Config cannot be cast to class com.jsoniter.extra.GsonCompatibilityMode (com.jsoniter.spi.Config and com.jsoniter.extra.GsonCompatibilityMode are in unnamed module of loader 'app')
	at com.jsoniter.output.TestGson.test_serializeNulls(TestGson.java:102)
</error>
  </testcase>
  <testcase name="test_serializeNulls" classname="com.jsoniter.output.TestGson" time="0.016">
    <error message="class com.jsoniter.spi.Config cannot be cast to class com.jsoniter.extra.GsonCompatibilityMode (com.jsoniter.spi.Config and com.jsoniter.extra.GsonCompatibilityMode are in unnamed module of loader &apos;app&apos;)" type="java.lang.ClassCastException">java.lang.ClassCastException: class com.jsoniter.spi.Config cannot be cast to class com.jsoniter.extra.GsonCompatibilityMode (com.jsoniter.spi.Config and com.jsoniter.extra.GsonCompatibilityMode are in unnamed module of loader 'app')
	at com.jsoniter.output.TestGson.test_serializeNulls(TestGson.java:102)
</error>
  </testcase>
  <testcase name="test_serializeNulls" classname="com.jsoniter.output.TestGson" time="0.015">
    <error message="class com.jsoniter.spi.Config cannot be cast to class com.jsoniter.extra.GsonCompatibilityMode (com.jsoniter.spi.Config and com.jsoniter.extra.GsonCompatibilityMode are in unnamed module of loader &apos;app&apos;)" type="java.lang.ClassCastException">java.lang.ClassCastException: class com.jsoniter.spi.Config cannot be cast to class com.jsoniter.extra.GsonCompatibilityMode (com.jsoniter.spi.Config and com.jsoniter.extra.GsonCompatibilityMode are in unnamed module of loader 'app')
	at com.jsoniter.output.TestGson.test_serializeNulls(TestGson.java:102)
</error>
  </testcase>
  <testcase name="test_serializeNulls" classname="com.jsoniter.output.TestGson" time="0">
    <error message="class com.jsoniter.spi.Config cannot be cast to class com.jsoniter.extra.GsonCompatibilityMode (com.jsoniter.spi.Config and com.jsoniter.extra.GsonCompatibilityMode are in unnamed module of loader &apos;app&apos;)" type="java.lang.ClassCastException">java.lang.ClassCastException: class com.jsoniter.spi.Config cannot be cast to class com.jsoniter.extra.GsonCompatibilityMode (com.jsoniter.spi.Config and com.jsoniter.extra.GsonCompatibilityMode are in unnamed module of loader 'app')
	at com.jsoniter.output.TestGson.test_serializeNulls(TestGson.java:102)
</error>
  </testcase>
  <testcase name="test_addSerializationExclusionStrategy" classname="com.jsoniter.output.TestGson" time="0">
    <error message="class com.jsoniter.spi.Config cannot be cast to class com.jsoniter.extra.GsonCompatibilityMode (com.jsoniter.spi.Config and com.jsoniter.extra.GsonCompatibilityMode are in unnamed module of loader &apos;app&apos;)" type="java.lang.ClassCastException">java.lang.ClassCastException: class com.jsoniter.spi.Config cannot be cast to class com.jsoniter.extra.GsonCompatibilityMode (com.jsoniter.spi.Config and com.jsoniter.extra.GsonCompatibilityMode are in unnamed module of loader 'app')
	at com.jsoniter.output.TestGson.test_addSerializationExclusionStrategy(TestGson.java:277)
</error>
  </testcase>
  <testcase name="test_addSerializationExclusionStrategy" classname="com.jsoniter.output.TestGson" time="0.094">
    <error message="class com.jsoniter.spi.Config cannot be cast to class com.jsoniter.extra.GsonCompatibilityMode (com.jsoniter.spi.Config and com.jsoniter.extra.GsonCompatibilityMode are in unnamed module of loader &apos;app&apos;)" type="java.lang.ClassCastException">java.lang.ClassCastException: class com.jsoniter.spi.Config cannot be cast to class com.jsoniter.extra.GsonCompatibilityMode (com.jsoniter.spi.Config and com.jsoniter.extra.GsonCompatibilityMode are in unnamed module of loader 'app')
	at com.jsoniter.output.TestGson.test_addSerializationExclusionStrategy(TestGson.java:277)
</error>
  </testcase>
  <testcase name="test_addSerializationExclusionStrategy" classname="com.jsoniter.output.TestGson" time="0.016">
    <error message="class com.jsoniter.spi.Config cannot be cast to class com.jsoniter.extra.GsonCompatibilityMode (com.jsoniter.spi.Config and com.jsoniter.extra.GsonCompatibilityMode are in unnamed module of loader &apos;app&apos;)" type="java.lang.ClassCastException">java.lang.ClassCastException: class com.jsoniter.spi.Config cannot be cast to class com.jsoniter.extra.GsonCompatibilityMode (com.jsoniter.spi.Config and com.jsoniter.extra.GsonCompatibilityMode are in unnamed module of loader 'app')
	at com.jsoniter.output.TestGson.test_addSerializationExclusionStrategy(TestGson.java:277)
</error>
  </testcase>
  <testcase name="test_addSerializationExclusionStrategy" classname="com.jsoniter.output.TestGson" time="0.062">
    <error message="class com.jsoniter.spi.Config cannot be cast to class com.jsoniter.extra.GsonCompatibilityMode (com.jsoniter.spi.Config and com.jsoniter.extra.GsonCompatibilityMode are in unnamed module of loader &apos;app&apos;)" type="java.lang.ClassCastException">java.lang.ClassCastException: class com.jsoniter.spi.Config cannot be cast to class com.jsoniter.extra.GsonCompatibilityMode (com.jsoniter.spi.Config and com.jsoniter.extra.GsonCompatibilityMode are in unnamed module of loader 'app')
	at com.jsoniter.output.TestGson.test_addSerializationExclusionStrategy(TestGson.java:277)
</error>
  </testcase>
  <testcase name="test_setDateFormat_with_style" classname="com.jsoniter.output.TestGson" time="0.032">
    <failure message="expected:&lt;&quot;January 1, 1970 []12:00:00 AM UTC&quot;&gt; but was:&lt;&quot;January 1, 1970 [at ]12:00:00 AM UTC&quot;&gt;" type="junit.framework.ComparisonFailure"><![CDATA[junit.framework.ComparisonFailure: expected:<"January 1, 1970 []12:00:00 AM UTC"> but was:<"January 1, 1970 [at ]12:00:00 AM UTC">
	at com.jsoniter.output.TestGson.test_setDateFormat_with_style(TestGson.java:120)
]]></failure>
  </testcase>
  <testcase name="test_setDateFormat_with_style" classname="com.jsoniter.output.TestGson" time="0.015">
    <failure message="expected:&lt;&quot;January 1, 1970 []12:00:00 AM UTC&quot;&gt; but was:&lt;&quot;January 1, 1970 [at ]12:00:00 AM UTC&quot;&gt;" type="junit.framework.ComparisonFailure"><![CDATA[junit.framework.ComparisonFailure: expected:<"January 1, 1970 []12:00:00 AM UTC"> but was:<"January 1, 1970 [at ]12:00:00 AM UTC">
	at com.jsoniter.output.TestGson.test_setDateFormat_with_style(TestGson.java:120)
]]></failure>
  </testcase>
  <testcase name="test_setDateFormat_with_style" classname="com.jsoniter.output.TestGson" time="0.016">
    <failure message="expected:&lt;&quot;January 1, 1970 []12:00:00 AM UTC&quot;&gt; but was:&lt;&quot;January 1, 1970 [at ]12:00:00 AM UTC&quot;&gt;" type="junit.framework.ComparisonFailure"><![CDATA[junit.framework.ComparisonFailure: expected:<"January 1, 1970 []12:00:00 AM UTC"> but was:<"January 1, 1970 [at ]12:00:00 AM UTC">
	at com.jsoniter.output.TestGson.test_setDateFormat_with_style(TestGson.java:120)
]]></failure>
  </testcase>
  <testcase name="test_setDateFormat_with_style" classname="com.jsoniter.output.TestGson" time="0.016">
    <failure message="expected:&lt;&quot;January 1, 1970 []12:00:00 AM UTC&quot;&gt; but was:&lt;&quot;January 1, 1970 [at ]12:00:00 AM UTC&quot;&gt;" type="junit.framework.ComparisonFailure"><![CDATA[junit.framework.ComparisonFailure: expected:<"January 1, 1970 []12:00:00 AM UTC"> but was:<"January 1, 1970 [at ]12:00:00 AM UTC">
	at com.jsoniter.output.TestGson.test_setDateFormat_with_style(TestGson.java:120)
]]></failure>
  </testcase>
  <testcase name="test_surrogate" classname="com.jsoniter.output.TestGson" time="0">
    <error type="java.lang.NullPointerException">java.lang.NullPointerException
	at com.jsoniter.output.TestGson.test_surrogate(TestGson.java:291)
</error>
  </testcase>
  <testcase name="test_surrogate" classname="com.jsoniter.output.TestGson" time="0">
    <error type="java.lang.NullPointerException">java.lang.NullPointerException
	at com.jsoniter.output.TestGson.test_surrogate(TestGson.java:291)
</error>
  </testcase>
  <testcase name="test_surrogate" classname="com.jsoniter.output.TestGson" time="0">
    <error type="java.lang.NullPointerException">java.lang.NullPointerException
	at com.jsoniter.output.TestGson.test_surrogate(TestGson.java:291)
</error>
  </testcase>
  <testcase name="test_surrogate" classname="com.jsoniter.output.TestGson" time="0">
    <error type="java.lang.NullPointerException">java.lang.NullPointerException
	at com.jsoniter.output.TestGson.test_surrogate(TestGson.java:291)
</error>
  </testcase>
  <testcase name="test_setVersion" classname="com.jsoniter.output.TestGson" time="0">
    <error type="java.lang.NullPointerException">java.lang.NullPointerException
	at com.jsoniter.output.TestGson.test_setVersion(TestGson.java:252)
</error>
  </testcase>
  <testcase name="test_setVersion" classname="com.jsoniter.output.TestGson" time="0.016">
    <error type="java.lang.NullPointerException">java.lang.NullPointerException
	at com.jsoniter.output.TestGson.test_setVersion(TestGson.java:252)
</error>
  </testcase>
  <testcase name="test_setVersion" classname="com.jsoniter.output.TestGson" time="0.062">
    <error type="java.lang.NullPointerException">java.lang.NullPointerException
	at com.jsoniter.output.TestGson.test_setVersion(TestGson.java:252)
</error>
  </testcase>
  <testcase name="test_setVersion" classname="com.jsoniter.output.TestGson" time="0">
    <error type="java.lang.NullPointerException">java.lang.NullPointerException
	at com.jsoniter.output.TestGson.test_setVersion(TestGson.java:252)
</error>
  </testcase>
</testsuite>