<?xml version="1.0" encoding="UTF-8"?>
<testsuite xmlns:xsi="http://www.w3.org/2001/XMLSchema-instance" xsi:noNamespaceSchemaLocation="https://maven.apache.org/surefire/maven-surefire-plugin/xsd/surefire-test-report.xsd" name="com.jsoniter.output.TestAny" time="0.219" tests="11" errors="2" skipped="0" failures="1">
  <properties>
    <property name="sun.desktop" value="windows"/>
    <property name="awt.toolkit" value="sun.awt.windows.WToolkit"/>
    <property name="java.specification.version" value="11"/>
    <property name="sun.cpu.isalist" value="amd64"/>
    <property name="sun.jnu.encoding" value="Cp1252"/>
    <property name="java.class.path" value="C:\Users\bianc\Desktop\Repository modelli\CEBUG\target\test-classes;C:\Users\bianc\Desktop\Repository modelli\CEBUG\target\classes;C:\Users\bianc\.m2\repository\junit\junit\4.12\junit-4.12.jar;C:\Users\bianc\.m2\repository\org\hamcrest\hamcrest-core\1.3\hamcrest-core-1.3.jar;C:\Users\bianc\.m2\repository\org\javassist\javassist\3.22.0-GA\javassist-3.22.0-GA.jar;C:\Users\bianc\.m2\repository\com\fasterxml\jackson\core\jackson-annotations\2.9.5\jackson-annotations-2.9.5.jar;C:\Users\bianc\.m2\repository\com\fasterxml\jackson\core\jackson-databind\2.9.5\jackson-databind-2.9.5.jar;C:\Users\bianc\.m2\repository\com\fasterxml\jackson\core\jackson-core\2.9.5\jackson-core-2.9.5.jar;C:\Users\bianc\.m2\repository\com\google\code\gson\gson\2.8.3\gson-2.8.3.jar;C:\Users\bianc\.m2\repository\org\openjdk\jmh\jmh-core\1.20\jmh-core-1.20.jar;C:\Users\bianc\.m2\repository\net\sf\jopt-simple\jopt-simple\4.6\jopt-simple-4.6.jar;C:\Users\bianc\.m2\repository\org\apache\commons\commons-math3\3.2\commons-math3-3.2.jar;C:\Users\bianc\.m2\repository\org\openjdk\jmh\jmh-generator-annprocess\1.20\jmh-generator-annprocess-1.20.jar;"/>
    <property name="java.vm.vendor" value="Oracle Corporation"/>
    <property name="sun.arch.data.model" value="64"/>
    <property name="user.variant" value=""/>
    <property name="java.vendor.url" value="http://java.oracle.com/"/>
    <property name="user.timezone" value=""/>
    <property name="java.vm.specification.version" value="11"/>
    <property name="os.name" value="Windows 10"/>
    <property name="sun.java.launcher" value="SUN_STANDARD"/>
    <property name="user.country" value="IT"/>
    <property name="sun.boot.library.path" value="C:\Program Files\Java\jdk-11.0.6\bin"/>
    <property name="sun.java.command" value="C:\Users\bianc\AppData\Local\Temp\surefire2896372592338880348\surefirebooter8414407441678950692.jar C:\Users\bianc\AppData\Local\Temp\surefire2896372592338880348 2020-02-04T15-38-10_644-jvmRun1 surefire2783139052172084162tmp surefire_411459818502923867449tmp"/>
    <property name="jdk.debug" value="release"/>
    <property name="surefire.test.class.path" value="C:\Users\bianc\Desktop\Repository modelli\CEBUG\target\test-classes;C:\Users\bianc\Desktop\Repository modelli\CEBUG\target\classes;C:\Users\bianc\.m2\repository\junit\junit\4.12\junit-4.12.jar;C:\Users\bianc\.m2\repository\org\hamcrest\hamcrest-core\1.3\hamcrest-core-1.3.jar;C:\Users\bianc\.m2\repository\org\javassist\javassist\3.22.0-GA\javassist-3.22.0-GA.jar;C:\Users\bianc\.m2\repository\com\fasterxml\jackson\core\jackson-annotations\2.9.5\jackson-annotations-2.9.5.jar;C:\Users\bianc\.m2\repository\com\fasterxml\jackson\core\jackson-databind\2.9.5\jackson-databind-2.9.5.jar;C:\Users\bianc\.m2\repository\com\fasterxml\jackson\core\jackson-core\2.9.5\jackson-core-2.9.5.jar;C:\Users\bianc\.m2\repository\com\google\code\gson\gson\2.8.3\gson-2.8.3.jar;C:\Users\bianc\.m2\repository\org\openjdk\jmh\jmh-core\1.20\jmh-core-1.20.jar;C:\Users\bianc\.m2\repository\net\sf\jopt-simple\jopt-simple\4.6\jopt-simple-4.6.jar;C:\Users\bianc\.m2\repository\org\apache\commons\commons-math3\3.2\commons-math3-3.2.jar;C:\Users\bianc\.m2\repository\org\openjdk\jmh\jmh-generator-annprocess\1.20\jmh-generator-annprocess-1.20.jar;"/>
    <property name="sun.cpu.endian" value="little"/>
    <property name="user.home" value="C:\Users\bianc"/>
    <property name="user.language" value="it"/>
    <property name="java.specification.vendor" value="Oracle Corporation"/>
    <property name="java.version.date" value="2020-01-14"/>
    <property name="java.home" value="C:\Program Files\Java\jdk-11.0.6"/>
    <property name="file.separator" value="\"/>
    <property name="basedir" value="C:\Users\bianc\Desktop\Repository modelli\CEBUG"/>
    <property name="java.vm.compressedOopsMode" value="32-bit"/>
    <property name="line.separator" value="&#10;"/>
    <property name="java.specification.name" value="Java Platform API Specification"/>
    <property name="java.vm.specification.vendor" value="Oracle Corporation"/>
    <property name="java.awt.graphicsenv" value="sun.awt.Win32GraphicsEnvironment"/>
    <property name="surefire.real.class.path" value="C:\Users\bianc\AppData\Local\Temp\surefire2896372592338880348\surefirebooter8414407441678950692.jar"/>
    <property name="user.script" value=""/>
    <property name="sun.management.compiler" value="HotSpot 64-Bit Tiered Compilers"/>
    <property name="java.runtime.version" value="11.0.6+8-LTS"/>
    <property name="user.name" value="bianc"/>
    <property name="path.separator" value=";"/>
    <property name="os.version" value="10.0"/>
    <property name="java.runtime.name" value="Java(TM) SE Runtime Environment"/>
    <property name="file.encoding" value="Cp1252"/>
    <property name="java.vm.name" value="Java HotSpot(TM) 64-Bit Server VM"/>
    <property name="java.vendor.version" value="18.9"/>
    <property name="localRepository" value="C:\Users\bianc\.m2\repository"/>
    <property name="java.vendor.url.bug" value="http://bugreport.java.com/bugreport/"/>
    <property name="java.io.tmpdir" value="C:\Users\bianc\AppData\Local\Temp\"/>
    <property name="java.version" value="11.0.6"/>
    <property name="user.dir" value="C:\Users\bianc\Desktop\Repository modelli\CEBUG"/>
    <property name="os.arch" value="amd64"/>
    <property name="java.vm.specification.name" value="Java Virtual Machine Specification"/>
    <property name="java.awt.printerjob" value="sun.awt.windows.WPrinterJob"/>
    <property name="sun.os.patch.level" value=""/>
    <property name="java.library.path" value="C:\Program Files\Java\jdk-11.0.6\bin;C:\Windows\Sun\Java\bin;C:\Windows\system32;C:\Windows;C:\Users\bianc\bin;C:\Users\bianc\AppData\Local\Programs\Git\mingw64\bin;C:\Users\bianc\AppData\Local\Programs\Git\usr\local\bin;C:\Users\bianc\AppData\Local\Programs\Git\usr\bin;C:\Users\bianc\AppData\Local\Programs\Git\usr\bin;C:\Users\bianc\AppData\Local\Programs\Git\mingw64\bin;C:\Users\bianc\AppData\Local\Programs\Git\usr\bin;C:\Users\bianc\bin;C:\Program Files (x86)\Common Files\Oracle\Java\javapath;C:\Windows\system32;C:\Windows;C:\Windows\System32\Wbem;C:\Windows\System32\WindowsPowerShell\v1.0;C:\Windows\System32\OpenSSH;C:\Program Files\TortoiseSVN\bin;C:\Users\bianc\Desktop\apache-maven-3.6.3\bin;C:\Users\bianc\Desktop\sonarqube-7.4\bin;C:\Program Files\Java\jdk-11.0.6\bin;C:\Users\bianc\Downloads\junit-4.13.jar;C:\Users\bianc\AppData\Local\Programs\Git\cmd;C:\Users\bianc\AppData\Local\Microsoft\WindowsApps;C:\Users\bianc\AppData\Local\Programs\Git\usr\bin\vendor_perl;C:\Users\bianc\AppData\Local\Programs\Git\usr\bin\core_perl;."/>
    <property name="java.vendor" value="Oracle Corporation"/>
    <property name="java.vm.info" value="mixed mode"/>
    <property name="java.vm.version" value="11.0.6+8-LTS"/>
    <property name="sun.io.unicode.encoding" value="UnicodeLittle"/>
    <property name="java.class.version" value="55.0"/>
  </properties>
  <testcase name="test_boolean" classname="com.jsoniter.output.TestAny" time="0"/>
  <testcase name="test_boolean" classname="com.jsoniter.output.TestAny" time="0.015"/>
  <testcase name="test_boolean" classname="com.jsoniter.output.TestAny" time="0.015"/>
  <testcase name="test_list" classname="com.jsoniter.output.TestAny" time="0">
    <error message="can not bind to generic collection without argument types, try syntax like TypeLiteral&lt;List&lt;Integer&gt;&gt;{}" type="java.lang.IllegalArgumentException"><![CDATA[java.lang.IllegalArgumentException: can not bind to generic collection without argument types, try syntax like TypeLiteral<List<Integer>>{}
	at com.jsoniter.output.TestAny.test_list(TestAny.java:114)
]]></error>
  </testcase>
  <testcase name="test_list" classname="com.jsoniter.output.TestAny" time="0.016">
    <error message="can not bind to generic collection without argument types, try syntax like TypeLiteral&lt;List&lt;Integer&gt;&gt;{}" type="java.lang.IllegalArgumentException"><![CDATA[java.lang.IllegalArgumentException: can not bind to generic collection without argument types, try syntax like TypeLiteral<List<Integer>>{}
	at com.jsoniter.output.TestAny.test_list(TestAny.java:114)
]]></error>
  </testcase>
  <testcase name="test_list" classname="com.jsoniter.output.TestAny" time="0.016">
    <error message="can not bind to generic collection without argument types, try syntax like TypeLiteral&lt;List&lt;Integer&gt;&gt;{}" type="java.lang.IllegalArgumentException"><![CDATA[java.lang.IllegalArgumentException: can not bind to generic collection without argument types, try syntax like TypeLiteral<List<Integer>>{}
	at com.jsoniter.output.TestAny.test_list(TestAny.java:114)
]]></error>
  </testcase>
  <testcase name="test_long" classname="com.jsoniter.output.TestAny" time="0.016"/>
  <testcase name="test_long" classname="com.jsoniter.output.TestAny" time="0.266"/>
  <testcase name="test_long" classname="com.jsoniter.output.TestAny" time="0.031"/>
  <testcase name="test_null" classname="com.jsoniter.output.TestAny" time="0"/>
  <testcase name="test_null" classname="com.jsoniter.output.TestAny" time="0"/>
  <testcase name="test_null" classname="com.jsoniter.output.TestAny" time="0"/>
  <testcase name="test_int" classname="com.jsoniter.output.TestAny" time="0"/>
  <testcase name="test_int" classname="com.jsoniter.output.TestAny" time="0"/>
  <testcase name="test_int" classname="com.jsoniter.output.TestAny" time="0"/>
  <testcase name="test_double" classname="com.jsoniter.output.TestAny" time="0"/>
  <testcase name="test_double" classname="com.jsoniter.output.TestAny" time="0"/>
  <testcase name="test_double" classname="com.jsoniter.output.TestAny" time="0.016"/>
  <testcase name="test_object" classname="com.jsoniter.output.TestAny" time="0"/>
  <testcase name="test_object" classname="com.jsoniter.output.TestAny" time="0"/>
  <testcase name="test_object" classname="com.jsoniter.output.TestAny" time="0"/>
  <testcase name="test_string" classname="com.jsoniter.output.TestAny" time="0"/>
  <testcase name="test_string" classname="com.jsoniter.output.TestAny" time="0"/>
  <testcase name="test_string" classname="com.jsoniter.output.TestAny" time="0.031"/>
  <testcase name="test_not_found" classname="com.jsoniter.output.TestAny" time="0.015"/>
  <testcase name="test_not_found" classname="com.jsoniter.output.TestAny" time="0.078"/>
  <testcase name="test_not_found" classname="com.jsoniter.output.TestAny" time="0.047"/>
  <testcase name="test_array" classname="com.jsoniter.output.TestAny" time="0">
    <error message="failed to generate encoder for: class [I with [], exception: java.lang.NullPointerException&#10;public static void encode_(java.lang.Object obj, com.jsoniter.output.JsonStream stream) throws java.io.IOException {&#10;int[] arr = (int[])obj;&#10;stream.writeVal((int)e);&#10;if (arr.length == 0) { return; }&#10;int i = 0;&#10;int e = arr[i++];&#10;while (i &lt; arr.length) {&#10;stream.write(&apos;,&apos;);&#10;e = arr[i++];&#10;stream.write((byte)&apos;]&apos;);&#10;stream.writeVal((int)e);&#10;}&#10;}&#10;" type="com.jsoniter.spi.JsonException"><![CDATA[com.jsoniter.spi.JsonException: 
failed to generate encoder for: class [I with [], exception: java.lang.NullPointerException
public static void encode_(java.lang.Object obj, com.jsoniter.output.JsonStream stream) throws java.io.IOException {
int[] arr = (int[])obj;
stream.writeVal((int)e);
if (arr.length == 0) { return; }
int i = 0;
int e = arr[i++];
while (i < arr.length) {
stream.write(',');
e = arr[i++];
stream.write((byte)']');
stream.writeVal((int)e);
}
}

	at com.jsoniter.output.TestAny.test_array(TestAny.java:123)
Caused by: java.lang.NullPointerException
	at com.jsoniter.output.TestAny.test_array(TestAny.java:123)
]]></error>
  </testcase>
  <testcase name="test_array" classname="com.jsoniter.output.TestAny" time="0.188">
    <error message="failed to generate encoder for: class [I with [], exception: java.lang.NullPointerException&#10;public static void encode_(java.lang.Object obj, com.jsoniter.output.JsonStream stream) throws java.io.IOException {&#10;int[] arr = (int[])obj;&#10;stream.writeVal((int)e);&#10;if (arr.length == 0) { return; }&#10;int i = 0;&#10;int e = arr[i++];&#10;while (i &lt; arr.length) {&#10;stream.write(&apos;,&apos;);&#10;e = arr[i++];&#10;stream.write((byte)&apos;]&apos;);&#10;stream.writeVal((int)e);&#10;}&#10;}&#10;" type="com.jsoniter.spi.JsonException"><![CDATA[com.jsoniter.spi.JsonException: 
failed to generate encoder for: class [I with [], exception: java.lang.NullPointerException
public static void encode_(java.lang.Object obj, com.jsoniter.output.JsonStream stream) throws java.io.IOException {
int[] arr = (int[])obj;
stream.writeVal((int)e);
if (arr.length == 0) { return; }
int i = 0;
int e = arr[i++];
while (i < arr.length) {
stream.write(',');
e = arr[i++];
stream.write((byte)']');
stream.writeVal((int)e);
}
}

	at com.jsoniter.output.TestAny.test_array(TestAny.java:123)
Caused by: java.lang.NullPointerException
	at com.jsoniter.output.TestAny.test_array(TestAny.java:123)
]]></error>
  </testcase>
  <testcase name="test_array" classname="com.jsoniter.output.TestAny" time="0.047">
    <error message="failed to generate encoder for: class [I with [], exception: java.lang.NullPointerException&#10;public static void encode_(java.lang.Object obj, com.jsoniter.output.JsonStream stream) throws java.io.IOException {&#10;int[] arr = (int[])obj;&#10;stream.writeVal((int)e);&#10;if (arr.length == 0) { return; }&#10;int i = 0;&#10;int e = arr[i++];&#10;while (i &lt; arr.length) {&#10;stream.write(&apos;,&apos;);&#10;e = arr[i++];&#10;stream.write((byte)&apos;]&apos;);&#10;stream.writeVal((int)e);&#10;}&#10;}&#10;" type="com.jsoniter.spi.JsonException"><![CDATA[com.jsoniter.spi.JsonException: 
failed to generate encoder for: class [I with [], exception: java.lang.NullPointerException
public static void encode_(java.lang.Object obj, com.jsoniter.output.JsonStream stream) throws java.io.IOException {
int[] arr = (int[])obj;
stream.writeVal((int)e);
if (arr.length == 0) { return; }
int i = 0;
int e = arr[i++];
while (i < arr.length) {
stream.write(',');
e = arr[i++];
stream.write((byte)']');
stream.writeVal((int)e);
}
}

	at com.jsoniter.output.TestAny.test_array(TestAny.java:123)
Caused by: java.lang.NullPointerException
	at com.jsoniter.output.TestAny.test_array(TestAny.java:123)
]]></error>
  </testcase>
  <testcase name="test_float" classname="com.jsoniter.output.TestAny" time="0">
    <failure message="expected:&lt;[1]00&gt; but was:&lt;[.100000]00&gt;" type="junit.framework.ComparisonFailure"><![CDATA[junit.framework.ComparisonFailure: expected:<[1]00> but was:<[.100000]00>
	at com.jsoniter.output.TestAny.test_float(TestAny.java:54)
]]></failure>
  </testcase>
  <testcase name="test_float" classname="com.jsoniter.output.TestAny" time="0">
    <failure message="expected:&lt;[1]00&gt; but was:&lt;[.100000]00&gt;" type="junit.framework.ComparisonFailure"><![CDATA[junit.framework.ComparisonFailure: expected:<[1]00> but was:<[.100000]00>
	at com.jsoniter.output.TestAny.test_float(TestAny.java:54)
]]></failure>
  </testcase>
  <testcase name="test_float" classname="com.jsoniter.output.TestAny" time="0">
    <failure message="expected:&lt;[1]00&gt; but was:&lt;[.100000]00&gt;" type="junit.framework.ComparisonFailure"><![CDATA[junit.framework.ComparisonFailure: expected:<[1]00> but was:<[.100000]00>
	at com.jsoniter.output.TestAny.test_float(TestAny.java:54)
]]></failure>
  </testcase>
</testsuite>